<?xml version="1.0" encoding="UTF-8"?>
<!-- Generated by org.testng.reporters.JUnitReportReporter -->
<testsuite skipped="0" hostname="DESKTOP-2307P8L" name="Test.NhsBloodDonation.HomePageTest" tests="2" failures="0" timestamp="27 Nov 2020 15:27:58 GMT" time="0.272" errors="0">
  <testcase name="Title_Test" time="0.064" classname="Test.NhsBloodDonation.HomePageTest"/>
  <testcase name="SearchBoxTest" time="0.208" classname="Test.NhsBloodDonation.HomePageTest"/>
</testsuite> <!-- Test.NhsBloodDonation.HomePageTest -->
